DDB0169550_|Chromosomal_Sequence|_Chromosome:_M_position_1_to_55564	227	268	contig_65_np1212	31048	31089	1.000000	+
DDB0169550_|Chromosomal_Sequence|_Chromosome:_M_position_1_to_55564	390	419	contig_65_np1212	31211	31240	1.000000	+
DDB0169550_|Chromosomal_Sequence|_Chromosome:_M_position_1_to_55564	575	600	contig_65_np1212	31396	31421	1.000000	+
DDB0169550_|Chromosomal_Sequence|_Chromosome:_M_position_1_to_55564	678	707	contig_65_np1212	31499	31528	1.000000	+
DDB0169550_|Chromosomal_Sequence|_Chromosome:_M_position_1_to_55564	728	763	contig_65_np1212	31549	31584	1.000000	+
DDB0169550_|Chromosomal_Sequence|_Chromosome:_M_position_1_to_55564	776	808	contig_65_np1212	31597	31629	1.000000	+
DDB0169550_|Chromosomal_Sequence|_Chromosome:_M_position_1_to_55564	833	862	contig_65_np1212	31654	31683	1.000000	+
DDB0169550_|Chromosomal_Sequence|_Chromosome:_M_position_1_to_55564	866	895	contig_65_np1212	31687	31716	1.000000	+
DDB0169550_|Chromosomal_Sequence|_Chromosome:_M_position_1_to_55564	918	959	contig_65_np1212	31739	31780	1.000000	+
DDB0169550_|Chromosomal_Sequence|_Chromosome:_M_position_1_to_55564	1172	1198	contig_65_np1212	31993	32019	1.000000	+
DDB0169550_|Chromosomal_Sequence|_Chromosome:_M_position_1_to_55564	1259	1312	contig_65_np1212	32080	32133	1.000000	+
DDB0169550_|Chromosomal_Sequence|_Chromosome:_M_position_1_to_55564	1629	1657	contig_65_np1212	32408	32436	1.000000	+
DDB0169550_|Chromosomal_Sequence|_Chromosome:_M_position_1_to_55564	2013	2052	contig_65_np1212	32791	32830	1.000000	+
DDB0169550_|Chromosomal_Sequence|_Chromosome:_M_position_1_to_55564	2090	2141	contig_65_np1212	32868	32919	1.000000	+
DDB0169550_|Chromosomal_Sequence|_Chromosome:_M_position_1_to_55564	2301	2330	contig_65_np1212	33082	33111	1.000000	+
DDB0169550_|Chromosomal_Sequence|_Chromosome:_M_position_1_to_55564	2333	2371	contig_65_np1212	33114	33152	1.000000	+
DDB0169550_|Chromosomal_Sequence|_Chromosome:_M_position_1_to_55564	2405	2429	contig_65_np1212	33186	33210	1.000000	+
DDB0169550_|Chromosomal_Sequence|_Chromosome:_M_position_1_to_55564	2816	2845	contig_65_np1212	33594	33623	1.000000	+
DDB0169550_|Chromosomal_Sequence|_Chromosome:_M_position_1_to_55564	2846	2877	contig_65_np1212	33624	33655	1.000000	+
DDB0169550_|Chromosomal_Sequence|_Chromosome:_M_position_1_to_55564	3097	3123	contig_65_np1212	33887	33913	1.000000	+
DDB0169550_|Chromosomal_Sequence|_Chromosome:_M_position_1_to_55564	3273	3301	contig_65_np1212	34056	34084	1.000000	+
DDB0169550_|Chromosomal_Sequence|_Chromosome:_M_position_1_to_55564	3881	3905	contig_65_np1212	34410	34434	1.000000	+
DDB0169550_|Chromosomal_Sequence|_Chromosome:_M_position_1_to_55564	4029	4060	contig_65_np1212	34558	34589	1.000000	+
DDB0169550_|Chromosomal_Sequence|_Chromosome:_M_position_1_to_55564	4061	4102	contig_65_np1212	34590	34631	1.000000	+
DDB0169550_|Chromosomal_Sequence|_Chromosome:_M_position_1_to_55564	4127	4152	contig_65_np1212	34656	34681	1.000000	+
DDB0169550_|Chromosomal_Sequence|_Chromosome:_M_position_1_to_55564	4217	4259	contig_65_np1212	34746	34788	1.000000	+
DDB0169550_|Chromosomal_Sequence|_Chromosome:_M_position_1_to_55564	4483	4520	contig_65_np1212	35000	35037	1.000000	+
DDB0169550_|Chromosomal_Sequence|_Chromosome:_M_position_1_to_55564	4624	4654	contig_65_np1212	35141	35171	1.000000	+
DDB0169550_|Chromosomal_Sequence|_Chromosome:_M_position_1_to_55564	4655	4685	contig_65_np1212	35172	35202	1.000000	+
DDB0169550_|Chromosomal_Sequence|_Chromosome:_M_position_1_to_55564	4717	4741	contig_65_np1212	35234	35258	1.000000	+
DDB0169550_|Chromosomal_Sequence|_Chromosome:_M_position_1_to_55564	4742	4780	contig_65_np1212	35259	35297	1.000000	+
DDB0169550_|Chromosomal_Sequence|_Chromosome:_M_position_1_to_55564	4790	4822	contig_65_np1212	35307	35339	1.000000	+
DDB0169550_|Chromosomal_Sequence|_Chromosome:_M_position_1_to_55564	4888	4916	contig_65_np1212	35405	35433	1.000000	+
DDB0169550_|Chromosomal_Sequence|_Chromosome:_M_position_1_to_55564	4959	4988	contig_65_np1212	35476	35505	1.000000	+
DDB0169550_|Chromosomal_Sequence|_Chromosome:_M_position_1_to_55564	6575	6605	contig_65_np1212	37004	37034	1.000000	+
DDB0169550_|Chromosomal_Sequence|_Chromosome:_M_position_1_to_55564	6641	6670	contig_65_np1212	37070	37099	1.000000	+
DDB0169550_|Chromosomal_Sequence|_Chromosome:_M_position_1_to_55564	7298	7323	contig_65_np1212	38448	38473	1.000000	+
DDB0169550_|Chromosomal_Sequence|_Chromosome:_M_position_1_to_55564	7340	7370	contig_65_np1212	38490	38520	1.000000	+
DDB0169550_|Chromosomal_Sequence|_Chromosome:_M_position_1_to_55564	7412	7452	contig_65_np1212	38562	38602	1.000000	+
DDB0169550_|Chromosomal_Sequence|_Chromosome:_M_position_1_to_55564	7517	7559	contig_65_np1212	38667	38709	1.000000	+
DDB0169550_|Chromosomal_Sequence|_Chromosome:_M_position_1_to_55564	7622	7646	contig_65_np1212	38772	38796	1.000000	+
DDB0169550_|Chromosomal_Sequence|_Chromosome:_M_position_1_to_55564	7849	7873	contig_65_np1212	38983	39007	1.000000	+
DDB0169550_|Chromosomal_Sequence|_Chromosome:_M_position_1_to_55564	9979	10022	contig_65_np1212	39938	39981	1.000000	+
DDB0169550_|Chromosomal_Sequence|_Chromosome:_M_position_1_to_55564	10106	10132	contig_65_np1212	40065	40091	1.000000	+
DDB0169550_|Chromosomal_Sequence|_Chromosome:_M_position_1_to_55564	11621	11645	contig_65_np1212	41742	41766	1.000000	+
DDB0169550_|Chromosomal_Sequence|_Chromosome:_M_position_1_to_55564	11849	11874	contig_65_np1212	42003	42028	1.000000	+
DDB0169550_|Chromosomal_Sequence|_Chromosome:_M_position_1_to_55564	11914	11940	contig_65_np1212	42068	42094	1.000000	+
DDB0169550_|Chromosomal_Sequence|_Chromosome:_M_position_1_to_55564	11953	11982	contig_65_np1212	42107	42136	1.000000	+
DDB0169550_|Chromosomal_Sequence|_Chromosome:_M_position_1_to_55564	12044	12068	contig_65_np1212	42198	42222	1.000000	+
DDB0169550_|Chromosomal_Sequence|_Chromosome:_M_position_1_to_55564	12163	12201	contig_65_np1212	42317	42355	1.000000	+
DDB0169550_|Chromosomal_Sequence|_Chromosome:_M_position_1_to_55564	12235	12288	contig_65_np1212	42389	42442	1.000000	+
DDB0169550_|Chromosomal_Sequence|_Chromosome:_M_position_1_to_55564	12310	12339	contig_65_np1212	42464	42493	1.000000	+
DDB0169550_|Chromosomal_Sequence|_Chromosome:_M_position_1_to_55564	12433	12465	contig_65_np1212	42587	42619	1.000000	+
DDB0169550_|Chromosomal_Sequence|_Chromosome:_M_position_1_to_55564	13760	13794	contig_65_np1212	42914	42948	1.000000	+
DDB0169550_|Chromosomal_Sequence|_Chromosome:_M_position_1_to_55564	15378	15413	contig_65_np1212	43940	43975	1.000000	+
DDB0169550_|Chromosomal_Sequence|_Chromosome:_M_position_1_to_55564	15432	15501	contig_65_np1212	43994	44063	1.000000	+
DDB0169550_|Chromosomal_Sequence|_Chromosome:_M_position_1_to_55564	15504	15606	contig_65_np1212	44066	44168	1.000000	+
DDB0169550_|Chromosomal_Sequence|_Chromosome:_M_position_1_to_55564	15651	15704	contig_65_np1212	44213	44266	1.000000	+
DDB0169550_|Chromosomal_Sequence|_Chromosome:_M_position_1_to_55564	15708	15743	contig_65_np1212	44270	44305	1.000000	+
DDB0169550_|Chromosomal_Sequence|_Chromosome:_M_position_1_to_55564	15756	15780	contig_65_np1212	44318	44342	1.000000	+
DDB0169550_|Chromosomal_Sequence|_Chromosome:_M_position_1_to_55564	15781	15818	contig_65_np1212	44343	44380	1.000000	+
DDB0169550_|Chromosomal_Sequence|_Chromosome:_M_position_1_to_55564	15831	15869	contig_65_np1212	44393	44431	1.000000	+
DDB0169550_|Chromosomal_Sequence|_Chromosome:_M_position_1_to_55564	15909	15972	contig_65_np1212	44471	44534	1.000000	+
DDB0169550_|Chromosomal_Sequence|_Chromosome:_M_position_1_to_55564	15973	16088	contig_65_np1212	44535	44650	1.000000	+
DDB0169550_|Chromosomal_Sequence|_Chromosome:_M_position_1_to_55564	16110	16145	contig_65_np1212	44672	44707	1.000000	+
DDB0169550_|Chromosomal_Sequence|_Chromosome:_M_position_1_to_55564	16152	16187	contig_65_np1212	44714	44749	1.000000	+
DDB0169550_|Chromosomal_Sequence|_Chromosome:_M_position_1_to_55564	16383	16409	contig_65_np1212	44945	44971	1.000000	+
DDB0169550_|Chromosomal_Sequence|_Chromosome:_M_position_1_to_55564	16410	16436	contig_65_np1212	44972	44998	1.000000	+
DDB0169550_|Chromosomal_Sequence|_Chromosome:_M_position_1_to_55564	18589	18622	contig_65_np1212	45556	45589	1.000000	+
DDB0169550_|Chromosomal_Sequence|_Chromosome:_M_position_1_to_55564	18634	18660	contig_65_np1212	45601	45627	1.000000	+
DDB0169550_|Chromosomal_Sequence|_Chromosome:_M_position_1_to_55564	18679	18707	contig_65_np1212	45646	45674	1.000000	+
DDB0169550_|Chromosomal_Sequence|_Chromosome:_M_position_1_to_55564	18741	18768	contig_65_np1212	45709	45736	1.000000	+
DDB0169550_|Chromosomal_Sequence|_Chromosome:_M_position_1_to_55564	18784	18809	contig_65_np1212	45752	45777	1.000000	+
DDB0169550_|Chromosomal_Sequence|_Chromosome:_M_position_1_to_55564	18906	18932	contig_65_np1212	45872	45898	1.000000	+
DDB0169550_|Chromosomal_Sequence|_Chromosome:_M_position_1_to_55564	18973	19024	contig_65_np1212	45939	45990	1.000000	+
DDB0169550_|Chromosomal_Sequence|_Chromosome:_M_position_1_to_55564	19057	19088	contig_65_np1212	46025	46056	1.000000	+
DDB0169550_|Chromosomal_Sequence|_Chromosome:_M_position_1_to_55564	19094	19154	contig_65_np1212	46063	46123	1.000000	+
DDB0169550_|Chromosomal_Sequence|_Chromosome:_M_position_1_to_55564	19199	19250	contig_65_np1212	46167	46218	1.000000	+
DDB0169550_|Chromosomal_Sequence|_Chromosome:_M_position_1_to_55564	19267	19370	contig_65_np1212	46235	46338	1.000000	+
DDB0169550_|Chromosomal_Sequence|_Chromosome:_M_position_1_to_55564	19485	19514	contig_65_np1212	46396	46425	1.000000	+
DDB0169550_|Chromosomal_Sequence|_Chromosome:_M_position_1_to_55564	19563	19616	contig_65_np1212	46475	46528	1.000000	+
DDB0169550_|Chromosomal_Sequence|_Chromosome:_M_position_1_to_55564	19625	19726	contig_65_np1212	46537	46638	1.000000	+
DDB0169550_|Chromosomal_Sequence|_Chromosome:_M_position_1_to_55564	19878	19910	contig_65_np1212	46790	46822	1.000000	+
DDB0169550_|Chromosomal_Sequence|_Chromosome:_M_position_1_to_55564	19911	19948	contig_65_np1212	46823	46860	1.000000	+
DDB0169550_|Chromosomal_Sequence|_Chromosome:_M_position_1_to_55564	19956	19998	contig_65_np1212	46868	46910	1.000000	+
DDB0169550_|Chromosomal_Sequence|_Chromosome:_M_position_1_to_55564	19999	20025	contig_65_np1212	46911	46937	1.000000	+
DDB0169550_|Chromosomal_Sequence|_Chromosome:_M_position_1_to_55564	20060	20090	contig_65_np1212	46972	47002	1.000000	+
DDB0169550_|Chromosomal_Sequence|_Chromosome:_M_position_1_to_55564	20105	20155	contig_65_np1212	47016	47066	1.000000	+
DDB0169550_|Chromosomal_Sequence|_Chromosome:_M_position_1_to_55564	20203	20227	contig_65_np1212	47114	47138	1.000000	+
DDB0169550_|Chromosomal_Sequence|_Chromosome:_M_position_1_to_55564	20258	20346	contig_65_np1212	47171	47259	1.000000	+
DDB0169550_|Chromosomal_Sequence|_Chromosome:_M_position_1_to_55564	20356	20492	contig_65_np1212	47269	47405	1.000000	+
DDB0169550_|Chromosomal_Sequence|_Chromosome:_M_position_1_to_55564	20493	20576	contig_65_np1212	47406	47489	1.000000	+
DDB0169550_|Chromosomal_Sequence|_Chromosome:_M_position_1_to_55564	20712	20783	contig_65_np1212	47625	47696	1.000000	+
DDB0169550_|Chromosomal_Sequence|_Chromosome:_M_position_1_to_55564	20786	20850	contig_65_np1212	47699	47763	1.000000	+
DDB0169550_|Chromosomal_Sequence|_Chromosome:_M_position_1_to_55564	20851	20936	contig_65_np1212	47764	47849	1.000000	+
DDB0169550_|Chromosomal_Sequence|_Chromosome:_M_position_1_to_55564	21530	21555	contig_65_np1212	47896	47921	1.000000	+
DDB0169550_|Chromosomal_Sequence|_Chromosome:_M_position_1_to_55564	21556	21650	contig_65_np1212	47922	48016	1.000000	+
DDB0169550_|Chromosomal_Sequence|_Chromosome:_M_position_1_to_55564	21669	21706	contig_65_np1212	48034	48071	1.000000	+
DDB0169550_|Chromosomal_Sequence|_Chromosome:_M_position_1_to_55564	21737	21769	contig_65_np1212	48102	48134	1.000000	+
DDB0169550_|Chromosomal_Sequence|_Chromosome:_M_position_1_to_55564	21783	21819	contig_65_np1212	48148	48184	1.000000	+
DDB0169550_|Chromosomal_Sequence|_Chromosome:_M_position_1_to_55564	21912	21945	contig_65_np1212	48277	48310	1.000000	+
DDB0169550_|Chromosomal_Sequence|_Chromosome:_M_position_1_to_55564	22096	22129	contig_65_np1212	48460	48493	1.000000	+
DDB0169550_|Chromosomal_Sequence|_Chromosome:_M_position_1_to_55564	22458	22499	contig_65_np1212	48562	48603	1.000000	+
DDB0169550_|Chromosomal_Sequence|_Chromosome:_M_position_1_to_55564	23008	23037	contig_65_np1212	49260	49289	1.000000	+
DDB0169550_|Chromosomal_Sequence|_Chromosome:_M_position_1_to_55564	23203	23229	contig_65_np1212	49455	49481	1.000000	+
DDB0169550_|Chromosomal_Sequence|_Chromosome:_M_position_1_to_55564	23488	23514	contig_65_np1212	49740	49766	1.000000	+
DDB0169550_|Chromosomal_Sequence|_Chromosome:_M_position_1_to_55564	23542	23587	contig_65_np1212	49794	49839	1.000000	+
DDB0169550_|Chromosomal_Sequence|_Chromosome:_M_position_1_to_55564	23689	23719	contig_65_np1212	49941	49971	1.000000	+
DDB0169550_|Chromosomal_Sequence|_Chromosome:_M_position_1_to_55564	23804	23830	contig_65_np1212	50056	50082	1.000000	+
DDB0169550_|Chromosomal_Sequence|_Chromosome:_M_position_1_to_55564	23831	23859	contig_65_np1212	50083	50111	1.000000	+
DDB0169550_|Chromosomal_Sequence|_Chromosome:_M_position_1_to_55564	23867	23895	contig_65_np1212	50119	50147	1.000000	+
DDB0169550_|Chromosomal_Sequence|_Chromosome:_M_position_1_to_55564	24414	24447	contig_65_np1212	50676	50709	1.000000	+
DDB0169550_|Chromosomal_Sequence|_Chromosome:_M_position_1_to_55564	25410	25471	contig_65_np1212	1046	1107	1.000000	+
DDB0169550_|Chromosomal_Sequence|_Chromosome:_M_position_1_to_55564	25527	25559	contig_65_np1212	1156	1188	1.000000	+
DDB0169550_|Chromosomal_Sequence|_Chromosome:_M_position_1_to_55564	25561	25596	contig_65_np1212	1190	1225	1.000000	+
DDB0169550_|Chromosomal_Sequence|_Chromosome:_M_position_1_to_55564	25597	25640	contig_65_np1212	1226	1269	1.000000	+
DDB0169550_|Chromosomal_Sequence|_Chromosome:_M_position_1_to_55564	25668	25698	contig_65_np1212	1297	1327	1.000000	+
DDB0169550_|Chromosomal_Sequence|_Chromosome:_M_position_1_to_55564	25699	25738	contig_65_np1212	1328	1367	1.000000	+
DDB0169550_|Chromosomal_Sequence|_Chromosome:_M_position_1_to_55564	25739	25764	contig_65_np1212	1368	1393	1.000000	+
DDB0169550_|Chromosomal_Sequence|_Chromosome:_M_position_1_to_55564	25768	25817	contig_65_np1212	1397	1446	1.000000	+
DDB0169550_|Chromosomal_Sequence|_Chromosome:_M_position_1_to_55564	25835	25868	contig_65_np1212	1464	1497	1.000000	+
DDB0169550_|Chromosomal_Sequence|_Chromosome:_M_position_1_to_55564	25869	25902	contig_65_np1212	1498	1531	1.000000	+
DDB0169550_|Chromosomal_Sequence|_Chromosome:_M_position_1_to_55564	25955	26043	contig_65_np1212	1584	1672	1.000000	+
DDB0169550_|Chromosomal_Sequence|_Chromosome:_M_position_1_to_55564	26111	26139	contig_65_np1212	1739	1767	1.000000	+
DDB0169550_|Chromosomal_Sequence|_Chromosome:_M_position_1_to_55564	26234	26268	contig_65_np1212	1862	1896	1.000000	+
DDB0169550_|Chromosomal_Sequence|_Chromosome:_M_position_1_to_55564	26270	26296	contig_65_np1212	1898	1924	1.000000	+
DDB0169550_|Chromosomal_Sequence|_Chromosome:_M_position_1_to_55564	26297	26451	contig_65_np1212	1925	2079	1.000000	+
DDB0169550_|Chromosomal_Sequence|_Chromosome:_M_position_1_to_55564	26510	26566	contig_65_np1212	2138	2194	1.000000	+
DDB0169550_|Chromosomal_Sequence|_Chromosome:_M_position_1_to_55564	26567	26596	contig_65_np1212	2195	2224	1.000000	+
DDB0169550_|Chromosomal_Sequence|_Chromosome:_M_position_1_to_55564	26656	26721	contig_65_np1212	2283	2348	1.000000	+
DDB0169550_|Chromosomal_Sequence|_Chromosome:_M_position_1_to_55564	26723	26767	contig_65_np1212	2350	2394	1.000000	+
DDB0169550_|Chromosomal_Sequence|_Chromosome:_M_position_1_to_55564	26768	26852	contig_65_np1212	2395	2479	1.000000	+
DDB0169550_|Chromosomal_Sequence|_Chromosome:_M_position_1_to_55564	26853	26893	contig_65_np1212	2480	2520	1.000000	+
DDB0169550_|Chromosomal_Sequence|_Chromosome:_M_position_1_to_55564	27014	27057	contig_65_np1212	2639	2682	1.000000	+
DDB0169550_|Chromosomal_Sequence|_Chromosome:_M_position_1_to_55564	27129	27157	contig_65_np1212	2750	2778	1.000000	+
DDB0169550_|Chromosomal_Sequence|_Chromosome:_M_position_1_to_55564	27211	27289	contig_65_np1212	2798	2876	1.000000	+
DDB0169550_|Chromosomal_Sequence|_Chromosome:_M_position_1_to_55564	27332	27362	contig_65_np1212	2919	2949	1.000000	+
DDB0169550_|Chromosomal_Sequence|_Chromosome:_M_position_1_to_55564	27447	27473	contig_65_np1212	3038	3064	1.000000	+
DDB0169550_|Chromosomal_Sequence|_Chromosome:_M_position_1_to_55564	27515	27568	contig_65_np1212	3106	3159	1.000000	+
DDB0169550_|Chromosomal_Sequence|_Chromosome:_M_position_1_to_55564	27593	27622	contig_65_np1212	3184	3213	1.000000	+
DDB0169550_|Chromosomal_Sequence|_Chromosome:_M_position_1_to_55564	27794	27828	contig_65_np1212	3385	3419	1.000000	+
DDB0169550_|Chromosomal_Sequence|_Chromosome:_M_position_1_to_55564	27839	27865	contig_65_np1212	3430	3456	1.000000	+
DDB0169550_|Chromosomal_Sequence|_Chromosome:_M_position_1_to_55564	28046	28072	contig_65_np1212	3637	3663	1.000000	+
DDB0169550_|Chromosomal_Sequence|_Chromosome:_M_position_1_to_55564	28094	28126	contig_65_np1212	3685	3717	1.000000	+
DDB0169550_|Chromosomal_Sequence|_Chromosome:_M_position_1_to_55564	28232	28264	contig_65_np1212	3823	3855	1.000000	+
DDB0169550_|Chromosomal_Sequence|_Chromosome:_M_position_1_to_55564	28278	28312	contig_65_np1212	3869	3903	1.000000	+
DDB0169550_|Chromosomal_Sequence|_Chromosome:_M_position_1_to_55564	28879	28905	contig_65_np1212	4471	4497	1.000000	+
DDB0169550_|Chromosomal_Sequence|_Chromosome:_M_position_1_to_55564	28909	28934	contig_65_np1212	4501	4526	1.000000	+
DDB0169550_|Chromosomal_Sequence|_Chromosome:_M_position_1_to_55564	28945	28969	contig_65_np1212	4537	4561	1.000000	+
DDB0169550_|Chromosomal_Sequence|_Chromosome:_M_position_1_to_55564	28987	29027	contig_65_np1212	4579	4619	1.000000	+
DDB0169550_|Chromosomal_Sequence|_Chromosome:_M_position_1_to_55564	29117	29144	contig_65_np1212	4691	4718	1.000000	+
DDB0169550_|Chromosomal_Sequence|_Chromosome:_M_position_1_to_55564	29700	29725	contig_65_np1212	5127	5152	1.000000	+
DDB0169550_|Chromosomal_Sequence|_Chromosome:_M_position_1_to_55564	29726	29803	contig_65_np1212	5153	5230	1.000000	+
DDB0169550_|Chromosomal_Sequence|_Chromosome:_M_position_1_to_55564	29846	29935	contig_65_np1212	5273	5362	1.000000	+
DDB0169550_|Chromosomal_Sequence|_Chromosome:_M_position_1_to_55564	30399	30430	contig_65_np1212	5903	5934	1.000000	+
DDB0169550_|Chromosomal_Sequence|_Chromosome:_M_position_1_to_55564	30519	30544	contig_65_np1212	6023	6048	1.000000	+
DDB0169550_|Chromosomal_Sequence|_Chromosome:_M_position_1_to_55564	30584	30631	contig_65_np1212	6088	6135	1.000000	+
DDB0169550_|Chromosomal_Sequence|_Chromosome:_M_position_1_to_55564	30701	30730	contig_65_np1212	6205	6234	1.000000	+
DDB0169550_|Chromosomal_Sequence|_Chromosome:_M_position_1_to_55564	30743	30781	contig_65_np1212	6247	6285	1.000000	+
DDB0169550_|Chromosomal_Sequence|_Chromosome:_M_position_1_to_55564	30828	30857	contig_65_np1212	6329	6358	1.000000	+
DDB0169550_|Chromosomal_Sequence|_Chromosome:_M_position_1_to_55564	30996	31031	contig_65_np1212	6497	6532	1.000000	+
DDB0169550_|Chromosomal_Sequence|_Chromosome:_M_position_1_to_55564	31059	31088	contig_65_np1212	6560	6589	1.000000	+
DDB0169550_|Chromosomal_Sequence|_Chromosome:_M_position_1_to_55564	31147	31172	contig_65_np1212	6648	6673	1.000000	+
DDB0169550_|Chromosomal_Sequence|_Chromosome:_M_position_1_to_55564	31227	31257	contig_65_np1212	6728	6758	1.000000	+
DDB0169550_|Chromosomal_Sequence|_Chromosome:_M_position_1_to_55564	31332	31371	contig_65_np1212	6833	6872	1.000000	+
DDB0169550_|Chromosomal_Sequence|_Chromosome:_M_position_1_to_55564	31372	31398	contig_65_np1212	6873	6899	1.000000	+
DDB0169550_|Chromosomal_Sequence|_Chromosome:_M_position_1_to_55564	31506	31541	contig_65_np1212	7007	7042	1.000000	+
DDB0169550_|Chromosomal_Sequence|_Chromosome:_M_position_1_to_55564	31569	31607	contig_65_np1212	7070	7108	1.000000	+
DDB0169550_|Chromosomal_Sequence|_Chromosome:_M_position_1_to_55564	31674	31700	contig_65_np1212	7175	7201	1.000000	+
DDB0169550_|Chromosomal_Sequence|_Chromosome:_M_position_1_to_55564	31714	31742	contig_65_np1212	7215	7243	1.000000	+
DDB0169550_|Chromosomal_Sequence|_Chromosome:_M_position_1_to_55564	31959	32009	contig_65_np1212	7460	7510	1.000000	+
DDB0169550_|Chromosomal_Sequence|_Chromosome:_M_position_1_to_55564	32020	32053	contig_65_np1212	7517	7550	1.000000	+
DDB0169550_|Chromosomal_Sequence|_Chromosome:_M_position_1_to_55564	32239	32265	contig_65_np1212	7736	7762	1.000000	+
DDB0169550_|Chromosomal_Sequence|_Chromosome:_M_position_1_to_55564	32350	32376	contig_65_np1212	7847	7873	1.000000	+
DDB0169550_|Chromosomal_Sequence|_Chromosome:_M_position_1_to_55564	32416	32445	contig_65_np1212	7913	7942	1.000000	+
DDB0169550_|Chromosomal_Sequence|_Chromosome:_M_position_1_to_55564	32605	32634	contig_65_np1212	8102	8131	1.000000	+
DDB0169550_|Chromosomal_Sequence|_Chromosome:_M_position_1_to_55564	32656	32682	contig_65_np1212	8153	8179	1.000000	+
DDB0169550_|Chromosomal_Sequence|_Chromosome:_M_position_1_to_55564	32805	32881	contig_65_np1212	8309	8385	1.000000	+
DDB0169550_|Chromosomal_Sequence|_Chromosome:_M_position_1_to_55564	33173	33199	contig_65_np1212	8671	8697	1.000000	+
DDB0169550_|Chromosomal_Sequence|_Chromosome:_M_position_1_to_55564	33212	33239	contig_65_np1212	8710	8737	1.000000	+
DDB0169550_|Chromosomal_Sequence|_Chromosome:_M_position_1_to_55564	33393	33417	contig_65_np1212	8891	8915	1.000000	+
DDB0169550_|Chromosomal_Sequence|_Chromosome:_M_position_1_to_55564	34210	34236	contig_65_np1212	9665	9691	1.000000	+
DDB0169550_|Chromosomal_Sequence|_Chromosome:_M_position_1_to_55564	34436	34464	contig_65_np1212	9891	9919	1.000000	+
DDB0169550_|Chromosomal_Sequence|_Chromosome:_M_position_1_to_55564	34985	35015	contig_65_np1212	10440	10470	1.000000	+
DDB0169550_|Chromosomal_Sequence|_Chromosome:_M_position_1_to_55564	35097	35123	contig_65_np1212	10552	10578	1.000000	+
DDB0169550_|Chromosomal_Sequence|_Chromosome:_M_position_1_to_55564	35124	35169	contig_65_np1212	10579	10624	1.000000	+
DDB0169550_|Chromosomal_Sequence|_Chromosome:_M_position_1_to_55564	35172	35219	contig_65_np1212	10627	10674	1.000000	+
DDB0169550_|Chromosomal_Sequence|_Chromosome:_M_position_1_to_55564	35382	35411	contig_65_np1212	10837	10866	1.000000	+
DDB0169550_|Chromosomal_Sequence|_Chromosome:_M_position_1_to_55564	35466	35504	contig_65_np1212	10921	10959	1.000000	+
DDB0169550_|Chromosomal_Sequence|_Chromosome:_M_position_1_to_55564	35520	35547	contig_65_np1212	10975	11002	1.000000	+
DDB0169550_|Chromosomal_Sequence|_Chromosome:_M_position_1_to_55564	35611	35642	contig_65_np1212	11066	11097	1.000000	+
DDB0169550_|Chromosomal_Sequence|_Chromosome:_M_position_1_to_55564	35728	35764	contig_65_np1212	11183	11219	1.000000	+
DDB0169550_|Chromosomal_Sequence|_Chromosome:_M_position_1_to_55564	35879	35916	contig_65_np1212	11334	11371	1.000000	+
DDB0169550_|Chromosomal_Sequence|_Chromosome:_M_position_1_to_55564	36028	36064	contig_65_np1212	11483	11519	1.000000	+
DDB0169550_|Chromosomal_Sequence|_Chromosome:_M_position_1_to_55564	36067	36093	contig_65_np1212	11522	11548	1.000000	+
DDB0169550_|Chromosomal_Sequence|_Chromosome:_M_position_1_to_55564	36355	36382	contig_65_np1212	11810	11837	1.000000	+
DDB0169550_|Chromosomal_Sequence|_Chromosome:_M_position_1_to_55564	36730	36757	contig_65_np1212	12197	12224	1.000000	+
DDB0169550_|Chromosomal_Sequence|_Chromosome:_M_position_1_to_55564	37210	37234	contig_65_np1212	12683	12707	1.000000	+
DDB0169550_|Chromosomal_Sequence|_Chromosome:_M_position_1_to_55564	42082	42122	contig_65_np1212	17196	17236	1.000000	+
DDB0169550_|Chromosomal_Sequence|_Chromosome:_M_position_1_to_55564	42179	42205	contig_65_np1212	17293	17319	1.000000	+
DDB0169550_|Chromosomal_Sequence|_Chromosome:_M_position_1_to_55564	42357	42386	contig_65_np1212	17471	17500	1.000000	+
DDB0169550_|Chromosomal_Sequence|_Chromosome:_M_position_1_to_55564	42409	42434	contig_65_np1212	17523	17548	1.000000	+
DDB0169550_|Chromosomal_Sequence|_Chromosome:_M_position_1_to_55564	42466	42501	contig_65_np1212	17580	17615	1.000000	+
DDB0169550_|Chromosomal_Sequence|_Chromosome:_M_position_1_to_55564	42510	42534	contig_65_np1212	17624	17648	1.000000	+
DDB0169550_|Chromosomal_Sequence|_Chromosome:_M_position_1_to_55564	42567	42614	contig_65_np1212	17676	17723	1.000000	+
DDB0169550_|Chromosomal_Sequence|_Chromosome:_M_position_1_to_55564	42740	42765	contig_65_np1212	17849	17874	1.000000	+
DDB0169550_|Chromosomal_Sequence|_Chromosome:_M_position_1_to_55564	42780	42811	contig_65_np1212	17889	17920	1.000000	+
DDB0169550_|Chromosomal_Sequence|_Chromosome:_M_position_1_to_55564	43006	43049	contig_65_np1212	18115	18158	1.000000	+
DDB0169550_|Chromosomal_Sequence|_Chromosome:_M_position_1_to_55564	43165	43191	contig_65_np1212	18268	18294	1.000000	+
DDB0169550_|Chromosomal_Sequence|_Chromosome:_M_position_1_to_55564	43192	43221	contig_65_np1212	18295	18324	1.000000	+
DDB0169550_|Chromosomal_Sequence|_Chromosome:_M_position_1_to_55564	43351	43379	contig_65_np1212	18454	18482	1.000000	+
DDB0169550_|Chromosomal_Sequence|_Chromosome:_M_position_1_to_55564	43822	43846	contig_65_np1212	18925	18949	1.000000	+
DDB0169550_|Chromosomal_Sequence|_Chromosome:_M_position_1_to_55564	43893	43923	contig_65_np1212	18996	19026	1.000000	+
DDB0169550_|Chromosomal_Sequence|_Chromosome:_M_position_1_to_55564	43962	43997	contig_65_np1212	19065	19100	1.000000	+
DDB0169550_|Chromosomal_Sequence|_Chromosome:_M_position_1_to_55564	44163	44188	contig_65_np1212	19266	19291	1.000000	+
DDB0169550_|Chromosomal_Sequence|_Chromosome:_M_position_1_to_55564	44386	44411	contig_65_np1212	19489	19514	1.000000	+
DDB0169550_|Chromosomal_Sequence|_Chromosome:_M_position_1_to_55564	44431	44471	contig_65_np1212	19534	19574	1.000000	+
DDB0169550_|Chromosomal_Sequence|_Chromosome:_M_position_1_to_55564	44804	44831	contig_65_np1212	19907	19934	1.000000	+
DDB0169550_|Chromosomal_Sequence|_Chromosome:_M_position_1_to_55564	44853	44887	contig_65_np1212	19956	19990	1.000000	+
DDB0169550_|Chromosomal_Sequence|_Chromosome:_M_position_1_to_55564	45080	45109	contig_65_np1212	20183	20212	1.000000	+
DDB0169550_|Chromosomal_Sequence|_Chromosome:_M_position_1_to_55564	45152	45178	contig_65_np1212	20255	20281	1.000000	+
DDB0169550_|Chromosomal_Sequence|_Chromosome:_M_position_1_to_55564	45896	45932	contig_65_np1212	21002	21038	1.000000	+
DDB0169550_|Chromosomal_Sequence|_Chromosome:_M_position_1_to_55564	46014	46044	contig_65_np1212	21120	21150	1.000000	+
DDB0169550_|Chromosomal_Sequence|_Chromosome:_M_position_1_to_55564	48587	48613	contig_65_np1212	23814	23840	1.000000	+
DDB0169550_|Chromosomal_Sequence|_Chromosome:_M_position_1_to_55564	48697	48729	contig_65_np1212	23932	23964	1.000000	+
DDB0169550_|Chromosomal_Sequence|_Chromosome:_M_position_1_to_55564	48774	48812	contig_65_np1212	24012	24050	1.000000	+
DDB0169550_|Chromosomal_Sequence|_Chromosome:_M_position_1_to_55564	48831	48857	contig_65_np1212	24069	24095	1.000000	+
DDB0169550_|Chromosomal_Sequence|_Chromosome:_M_position_1_to_55564	48891	48948	contig_65_np1212	24129	24186	1.000000	+
DDB0169550_|Chromosomal_Sequence|_Chromosome:_M_position_1_to_55564	48984	49031	contig_65_np1212	24222	24269	1.000000	+
DDB0169550_|Chromosomal_Sequence|_Chromosome:_M_position_1_to_55564	49032	49064	contig_65_np1212	24270	24302	1.000000	+
DDB0169550_|Chromosomal_Sequence|_Chromosome:_M_position_1_to_55564	49086	49118	contig_65_np1212	24324	24356	1.000000	+
DDB0169550_|Chromosomal_Sequence|_Chromosome:_M_position_1_to_55564	49188	49217	contig_65_np1212	24426	24455	1.000000	+
DDB0169550_|Chromosomal_Sequence|_Chromosome:_M_position_1_to_55564	49410	49440	contig_65_np1212	24648	24678	1.000000	+
DDB0169550_|Chromosomal_Sequence|_Chromosome:_M_position_1_to_55564	49560	49593	contig_65_np1212	24798	24831	1.000000	+
DDB0169550_|Chromosomal_Sequence|_Chromosome:_M_position_1_to_55564	49614	49639	contig_65_np1212	24852	24877	1.000000	+
DDB0169550_|Chromosomal_Sequence|_Chromosome:_M_position_1_to_55564	49723	49747	contig_65_np1212	24961	24985	1.000000	+
DDB0169550_|Chromosomal_Sequence|_Chromosome:_M_position_1_to_55564	49752	49805	contig_65_np1212	24990	25043	1.000000	+
DDB0169550_|Chromosomal_Sequence|_Chromosome:_M_position_1_to_55564	49887	49917	contig_65_np1212	25125	25155	1.000000	+
DDB0169550_|Chromosomal_Sequence|_Chromosome:_M_position_1_to_55564	50065	50092	contig_65_np1212	25303	25330	1.000000	+
DDB0169550_|Chromosomal_Sequence|_Chromosome:_M_position_1_to_55564	50242	50274	contig_65_np1212	25480	25512	1.000000	+
DDB0169550_|Chromosomal_Sequence|_Chromosome:_M_position_1_to_55564	50427	50459	contig_65_np1212	25665	25697	1.000000	+
DDB0169550_|Chromosomal_Sequence|_Chromosome:_M_position_1_to_55564	50520	50552	contig_65_np1212	25758	25790	1.000000	+
DDB0169550_|Chromosomal_Sequence|_Chromosome:_M_position_1_to_55564	50568	50597	contig_65_np1212	25806	25835	1.000000	+
DDB0169550_|Chromosomal_Sequence|_Chromosome:_M_position_1_to_55564	50600	50624	contig_65_np1212	25838	25862	1.000000	+
DDB0169550_|Chromosomal_Sequence|_Chromosome:_M_position_1_to_55564	50715	50765	contig_65_np1212	25944	25994	1.000000	+
DDB0169550_|Chromosomal_Sequence|_Chromosome:_M_position_1_to_55564	50879	50908	contig_65_np1212	26108	26137	1.000000	+
DDB0169550_|Chromosomal_Sequence|_Chromosome:_M_position_1_to_55564	50972	51010	contig_65_np1212	26201	26239	1.000000	+
DDB0169550_|Chromosomal_Sequence|_Chromosome:_M_position_1_to_55564	51047	51073	contig_65_np1212	26276	26302	1.000000	+
DDB0169550_|Chromosomal_Sequence|_Chromosome:_M_position_1_to_55564	51093	51121	contig_65_np1212	26322	26350	1.000000	+
DDB0169550_|Chromosomal_Sequence|_Chromosome:_M_position_1_to_55564	51224	51250	contig_65_np1212	26453	26479	1.000000	+
DDB0169550_|Chromosomal_Sequence|_Chromosome:_M_position_1_to_55564	51275	51310	contig_65_np1212	26504	26539	1.000000	+
DDB0169550_|Chromosomal_Sequence|_Chromosome:_M_position_1_to_55564	51329	51362	contig_65_np1212	26558	26591	1.000000	+
DDB0169550_|Chromosomal_Sequence|_Chromosome:_M_position_1_to_55564	51584	51613	contig_65_np1212	26813	26842	1.000000	+
DDB0169550_|Chromosomal_Sequence|_Chromosome:_M_position_1_to_55564	51794	51826	contig_65_np1212	27023	27055	1.000000	+
DDB0169550_|Chromosomal_Sequence|_Chromosome:_M_position_1_to_55564	51833	51866	contig_65_np1212	27062	27095	1.000000	+
DDB0169550_|Chromosomal_Sequence|_Chromosome:_M_position_1_to_55564	51893	51920	contig_65_np1212	27122	27149	1.000000	+
DDB0169550_|Chromosomal_Sequence|_Chromosome:_M_position_1_to_55564	51921	51945	contig_65_np1212	27150	27174	1.000000	+
DDB0169550_|Chromosomal_Sequence|_Chromosome:_M_position_1_to_55564	52322	52351	contig_65_np1212	27551	27580	1.000000	+
DDB0169550_|Chromosomal_Sequence|_Chromosome:_M_position_1_to_55564	52505	52532	contig_65_np1212	27734	27761	1.000000	+
DDB0169550_|Chromosomal_Sequence|_Chromosome:_M_position_1_to_55564	52550	52576	contig_65_np1212	27779	27805	1.000000	+
DDB0169550_|Chromosomal_Sequence|_Chromosome:_M_position_1_to_55564	53031	53088	contig_65_np1212	28172	28229	1.000000	+
DDB0169550_|Chromosomal_Sequence|_Chromosome:_M_position_1_to_55564	53204	53229	contig_65_np1212	28318	28343	1.000000	+
DDB0169550_|Chromosomal_Sequence|_Chromosome:_M_position_1_to_55564	53406	53456	contig_65_np1212	28520	28570	1.000000	+
DDB0169550_|Chromosomal_Sequence|_Chromosome:_M_position_1_to_55564	53573	53598	contig_65_np1212	28687	28712	1.000000	+
DDB0169550_|Chromosomal_Sequence|_Chromosome:_M_position_1_to_55564	54097	54128	contig_65_np1212	29159	29190	1.000000	+
DDB0169550_|Chromosomal_Sequence|_Chromosome:_M_position_1_to_55564	54131	54158	contig_65_np1212	29193	29220	1.000000	+
DDB0169550_|Chromosomal_Sequence|_Chromosome:_M_position_1_to_55564	55051	55077	contig_65_np1212	30298	30324	1.000000	+
DDB0169550_|Chromosomal_Sequence|_Chromosome:_M_position_1_to_55564	55117	55149	contig_65_np1212	30364	30396	1.000000	+
DDB0169550_|Chromosomal_Sequence|_Chromosome:_M_position_1_to_55564	55171	55203	contig_65_np1212	30418	30450	1.000000	+
